-encoding
UTF-8
-outxml
-source
1.6
-target
1.6
-classpath
C:\Users\draft\.m2\repository\junit\junit\4.11\junit-4.11.jar;C:\Users\draft\.m2\repository\log4j\log4j\1.2.17\log4j-1.2.17.jar;C:\Users\draft\.m2\repository\org\slf4j\slf4j-api\1.7.5\slf4j-api-1.7.5.jar;C:\Users\draft\.m2\repository\org\slf4j\jcl-over-slf4j\1.7.5\jcl-over-slf4j-1.7.5.jar;C:\Users\draft\.m2\repository\org\slf4j\slf4j-log4j12\1.7.5\slf4j-log4j12-1.7.5.jar;C:\Users\draft\.m2\repository\org\aspectj\aspectjrt\1.8.1\aspectjrt-1.8.1.jar;C:\Users\draft\.m2\repository\org\aspectj\aspectjweaver\1.8.1\aspectjweaver-1.8.1.jar;C:\Users\draft\.m2\repository\javax\servlet\servlet-api\2.5\servlet-api-2.5.jar;C:\Users\draft\.m2\repository\net\sf\flexjson\flexjson\2.1\flexjson-2.1.jar;C:\Users\draft\.m2\repository\org\apache\commons\commons-lang3\3.1\commons-lang3-3.1.jar;C:\Users\draft\.m2\repository\org\springframework\roo\org.springframework.roo.annotations\1.3.2.RELEASE\org.springframework.roo.annotations-1.3.2.RELEASE.jar;C:\Users\draft\.m2\repository\org\springframework\spring-core\3.2.8.RELEASE\spring-core-3.2.8.RELEASE.jar;C:\Users\draft\.m2\repository\org\springframework\spring-test\3.2.8.RELEASE\spring-test-3.2.8.RELEASE.jar;C:\Users\draft\.m2\repository\org\springframework\spring-context\3.2.8.RELEASE\spring-context-3.2.8.RELEASE.jar;C:\Users\draft\.m2\repository\org\springframework\spring-aop\3.2.8.RELEASE\spring-aop-3.2.8.RELEASE.jar;C:\Users\draft\.m2\repository\org\springframework\spring-aspects\3.2.8.RELEASE\spring-aspects-3.2.8.RELEASE.jar;C:\Users\draft\.m2\repository\org\hsqldb\hsqldb\2.2.9\hsqldb-2.2.9.jar;C:\Users\draft\.m2\repository\org\hibernate\hibernate-core\4.3.6.Final\hibernate-core-4.3.6.Final.jar;C:\Users\draft\.m2\repository\org\hibernate\hibernate-entitymanager\4.3.6.Final\hibernate-entitymanager-4.3.6.Final.jar;C:\Users\draft\.m2\repository\org\hibernate\javax\persistence\hibernate-jpa-2.1-api\1.0.0.Final\hibernate-jpa-2.1-api-1.0.0.Final.jar;C:\Users\draft\.m2\repository\commons-collections\commons-collections\3.2.1\commons-collections-3.2.1.jar;C:\Users\draft\.m2\repository\org\hibernate\hibernate-validator\4.3.2.Final\hibernate-validator-4.3.2.Final.jar;C:\Users\draft\.m2\repository\javax\validation\validation-api\1.0.0.GA\validation-api-1.0.0.GA.jar;C:\Users\draft\.m2\repository\javax\transaction\jta\1.1\jta-1.1.jar;C:\Users\draft\.m2\repository\org\springframework\spring-jdbc\3.2.8.RELEASE\spring-jdbc-3.2.8.RELEASE.jar;C:\Users\draft\.m2\repository\org\springframework\spring-orm\3.2.8.RELEASE\spring-orm-3.2.8.RELEASE.jar;C:\Users\draft\.m2\repository\commons-pool\commons-pool\1.5.6\commons-pool-1.5.6.jar;C:\Users\draft\.m2\repository\commons-dbcp\commons-dbcp\1.4\commons-dbcp-1.4.jar;C:\Users\draft\.m2\repository\org\springframework\spring-webmvc\3.2.8.RELEASE\spring-webmvc-3.2.8.RELEASE.jar;C:\Users\draft\.m2\repository\org\springframework\webflow\spring-js-resources\2.2.1.RELEASE\spring-js-resources-2.2.1.RELEASE.jar;C:\Users\draft\.m2\repository\commons-digester\commons-digester\2.1\commons-digester-2.1.jar;C:\Users\draft\.m2\repository\commons-fileupload\commons-fileupload\1.2.2\commons-fileupload-1.2.2.jar;C:\Users\draft\.m2\repository\javax\servlet\jsp\jstl\jstl-api\1.2\jstl-api-1.2.jar;C:\Users\draft\.m2\repository\org\glassfish\web\jstl-impl\1.2\jstl-impl-1.2.jar;C:\Users\draft\.m2\repository\javax\el\el-api\2.2\el-api-2.2.jar;C:\Users\draft\.m2\repository\joda-time\joda-time\1.6\joda-time-1.6.jar;C:\Users\draft\.m2\repository\javax\servlet\jsp\jsp-api\2.1\jsp-api-2.1.jar;C:\Users\draft\.m2\repository\commons-codec\commons-codec\1.5\commons-codec-1.5.jar;C:\Users\draft\.m2\repository\org\apache\tiles\tiles-jsp\2.2.2\tiles-jsp-2.2.2.jar;C:\Users\draft\.m2\repository\org\springframework\security\spring-security-core\3.2.5.RELEASE\spring-security-core-3.2.5.RELEASE.jar;C:\Users\draft\.m2\repository\org\springframework\security\spring-security-config\3.2.5.RELEASE\spring-security-config-3.2.5.RELEASE.jar;C:\Users\draft\.m2\repository\org\springframework\security\spring-security-web\3.2.5.RELEASE\spring-security-web-3.2.5.RELEASE.jar;C:\Users\draft\.m2\repository\org\springframework\security\spring-security-taglibs\3.2.5.RELEASE\spring-security-taglibs-3.2.5.RELEASE.jar;C:\Users\draft\.m2\repository\commons-io\commons-io\2.4\commons-io-2.4.jar;C:\Users\draft\.m2\repository\org\springframework\spring-beans\3.2.8.RELEASE\spring-beans-3.2.8.RELEASE.jar;C:\Users\draft\.m2\repository\org\springframework\spring-expression\3.2.8.RELEASE\spring-expression-3.2.8.RELEASE.jar;C:\Users\draft\.m2\repository\aopalliance\aopalliance\1.0\aopalliance-1.0.jar;C:\Users\draft\.m2\repository\org\jboss\logging\jboss-logging\3.1.3.GA\jboss-logging-3.1.3.GA.jar;C:\Users\draft\.m2\repository\org\jboss\logging\jboss-logging-annotations\1.2.0.Beta1\jboss-logging-annotations-1.2.0.Beta1.jar;C:\Users\draft\.m2\repository\org\jboss\spec\javax\transaction\jboss-transaction-api_1.2_spec\1.0.0.Final\jboss-transaction-api_1.2_spec-1.0.0.Final.jar;C:\Users\draft\.m2\repository\dom4j\dom4j\1.6.1\dom4j-1.6.1.jar;C:\Users\draft\.m2\repository\xml-apis\xml-apis\1.0.b2\xml-apis-1.0.b2.jar;C:\Users\draft\.m2\repository\org\hibernate\common\hibernate-commons-annotations\4.0.5.Final\hibernate-commons-annotations-4.0.5.Final.jar;C:\Users\draft\.m2\repository\org\javassist\javassist\3.18.1-GA\javassist-3.18.1-GA.jar;C:\Users\draft\.m2\repository\antlr\antlr\2.7.7\antlr-2.7.7.jar;C:\Users\draft\.m2\repository\org\jboss\jandex\1.1.0.Final\jandex-1.1.0.Final.jar;C:\Users\draft\.m2\repository\org\springframework\spring-tx\3.2.8.RELEASE\spring-tx-3.2.8.RELEASE.jar;C:\Users\draft\.m2\repository\org\springframework\spring-web\3.2.8.RELEASE\spring-web-3.2.8.RELEASE.jar;C:\Users\draft\.m2\repository\commons-beanutils\commons-beanutils\1.8.3\commons-beanutils-1.8.3.jar;C:\Users\draft\.m2\repository\org\apache\tiles\tiles-servlet\2.2.2\tiles-servlet-2.2.2.jar;C:\Users\draft\.m2\repository\org\apache\tiles\tiles-core\2.2.2\tiles-core-2.2.2.jar;C:\Users\draft\.m2\repository\org\apache\tiles\tiles-template\2.2.2\tiles-template-2.2.2.jar;C:\Users\draft\.m2\repository\org\apache\tiles\tiles-api\2.2.2\tiles-api-2.2.2.jar;C:\Users\draft\.m2\repository\org\springframework\security\spring-security-acl\3.2.5.RELEASE\spring-security-acl-3.2.5.RELEASE.jar;C:\cygwin64\home\draft\team01\target\classes
-aspectpath
C:\Users\draft\.m2\repository\org\springframework\spring-aspects\3.2.8.RELEASE\spring-aspects-3.2.8.RELEASE.jar
-d
C:\cygwin64\home\draft\team01\target\classes
C:\cygwin64\home\draft\team01\src\main\java\com\roo\team01\domain\Add_Promotion.java
C:\cygwin64\home\draft\team01\src\main\java\com\roo\team01\domain\Add_Promotion_Roo_Configurable.aj
C:\cygwin64\home\draft\team01\src\main\java\com\roo\team01\domain\Add_Promotion_Roo_JavaBean.aj
C:\cygwin64\home\draft\team01\src\main\java\com\roo\team01\domain\Add_Promotion_Roo_Jpa_ActiveRecord.aj
C:\cygwin64\home\draft\team01\src\main\java\com\roo\team01\domain\Add_Promotion_Roo_Jpa_Entity.aj
C:\cygwin64\home\draft\team01\src\main\java\com\roo\team01\domain\Add_Promotion_Roo_ToString.aj
C:\cygwin64\home\draft\team01\src\main\java\com\roo\team01\domain\Comment.java
C:\cygwin64\home\draft\team01\src\main\java\com\roo\team01\domain\Comment_Roo_Configurable.aj
C:\cygwin64\home\draft\team01\src\main\java\com\roo\team01\domain\Comment_Roo_JavaBean.aj
C:\cygwin64\home\draft\team01\src\main\java\com\roo\team01\domain\Comment_Roo_Jpa_ActiveRecord.aj
C:\cygwin64\home\draft\team01\src\main\java\com\roo\team01\domain\Comment_Roo_Jpa_Entity.aj
C:\cygwin64\home\draft\team01\src\main\java\com\roo\team01\domain\Comment_Roo_ToString.aj
C:\cygwin64\home\draft\team01\src\main\java\com\roo\team01\domain\Customer.java
C:\cygwin64\home\draft\team01\src\main\java\com\roo\team01\domain\Customer_Roo_Configurable.aj
C:\cygwin64\home\draft\team01\src\main\java\com\roo\team01\domain\Customer_Roo_JavaBean.aj
C:\cygwin64\home\draft\team01\src\main\java\com\roo\team01\domain\Customer_Roo_Jpa_ActiveRecord.aj
C:\cygwin64\home\draft\team01\src\main\java\com\roo\team01\domain\Customer_Roo_Jpa_Entity.aj
C:\cygwin64\home\draft\team01\src\main\java\com\roo\team01\domain\Customer_Roo_ToString.aj
C:\cygwin64\home\draft\team01\src\main\java\com\roo\team01\domain\Delivery.java
C:\cygwin64\home\draft\team01\src\main\java\com\roo\team01\domain\Delivery_Roo_Configurable.aj
C:\cygwin64\home\draft\team01\src\main\java\com\roo\team01\domain\Delivery_Roo_JavaBean.aj
C:\cygwin64\home\draft\team01\src\main\java\com\roo\team01\domain\Delivery_Roo_Jpa_ActiveRecord.aj
C:\cygwin64\home\draft\team01\src\main\java\com\roo\team01\domain\Delivery_Roo_Jpa_Entity.aj
C:\cygwin64\home\draft\team01\src\main\java\com\roo\team01\domain\Delivery_Roo_ToString.aj
C:\cygwin64\home\draft\team01\src\main\java\com\roo\team01\domain\LogUser.java
C:\cygwin64\home\draft\team01\src\main\java\com\roo\team01\domain\LogUserRole.java
C:\cygwin64\home\draft\team01\src\main\java\com\roo\team01\domain\LogUserRole_Roo_Configurable.aj
C:\cygwin64\home\draft\team01\src\main\java\com\roo\team01\domain\LogUserRole_Roo_JavaBean.aj
C:\cygwin64\home\draft\team01\src\main\java\com\roo\team01\domain\LogUserRole_Roo_Jpa_ActiveRecord.aj
C:\cygwin64\home\draft\team01\src\main\java\com\roo\team01\domain\LogUserRole_Roo_Jpa_Entity.aj
C:\cygwin64\home\draft\team01\src\main\java\com\roo\team01\domain\LogUserRole_Roo_ToString.aj
C:\cygwin64\home\draft\team01\src\main\java\com\roo\team01\domain\LogUser_Roo_Configurable.aj
C:\cygwin64\home\draft\team01\src\main\java\com\roo\team01\domain\LogUser_Roo_JavaBean.aj
C:\cygwin64\home\draft\team01\src\main\java\com\roo\team01\domain\LogUser_Roo_Jpa_ActiveRecord.aj
C:\cygwin64\home\draft\team01\src\main\java\com\roo\team01\domain\LogUser_Roo_Jpa_Entity.aj
C:\cygwin64\home\draft\team01\src\main\java\com\roo\team01\domain\LogUser_Roo_ToString.aj
C:\cygwin64\home\draft\team01\src\main\java\com\roo\team01\domain\Ordered.java
C:\cygwin64\home\draft\team01\src\main\java\com\roo\team01\domain\Ordered_Roo_Configurable.aj
C:\cygwin64\home\draft\team01\src\main\java\com\roo\team01\domain\Ordered_Roo_JavaBean.aj
C:\cygwin64\home\draft\team01\src\main\java\com\roo\team01\domain\Ordered_Roo_Jpa_ActiveRecord.aj
C:\cygwin64\home\draft\team01\src\main\java\com\roo\team01\domain\Ordered_Roo_Jpa_Entity.aj
C:\cygwin64\home\draft\team01\src\main\java\com\roo\team01\domain\Ordered_Roo_ToString.aj
C:\cygwin64\home\draft\team01\src\main\java\com\roo\team01\domain\Payment.java
C:\cygwin64\home\draft\team01\src\main\java\com\roo\team01\domain\Payment_Roo_Configurable.aj
C:\cygwin64\home\draft\team01\src\main\java\com\roo\team01\domain\Payment_Roo_JavaBean.aj
C:\cygwin64\home\draft\team01\src\main\java\com\roo\team01\domain\Payment_Roo_Jpa_ActiveRecord.aj
C:\cygwin64\home\draft\team01\src\main\java\com\roo\team01\domain\Payment_Roo_Jpa_Entity.aj
C:\cygwin64\home\draft\team01\src\main\java\com\roo\team01\domain\Payment_Roo_ToString.aj
C:\cygwin64\home\draft\team01\src\main\java\com\roo\team01\domain\Post.java
C:\cygwin64\home\draft\team01\src\main\java\com\roo\team01\domain\Post_Roo_Configurable.aj
C:\cygwin64\home\draft\team01\src\main\java\com\roo\team01\domain\Post_Roo_JavaBean.aj
C:\cygwin64\home\draft\team01\src\main\java\com\roo\team01\domain\Post_Roo_Jpa_ActiveRecord.aj
C:\cygwin64\home\draft\team01\src\main\java\com\roo\team01\domain\Post_Roo_Jpa_Entity.aj
C:\cygwin64\home\draft\team01\src\main\java\com\roo\team01\domain\Post_Roo_ToString.aj
C:\cygwin64\home\draft\team01\src\main\java\com\roo\team01\domain\PreOrder.java
C:\cygwin64\home\draft\team01\src\main\java\com\roo\team01\domain\PreOrder_Roo_Configurable.aj
C:\cygwin64\home\draft\team01\src\main\java\com\roo\team01\domain\PreOrder_Roo_JavaBean.aj
C:\cygwin64\home\draft\team01\src\main\java\com\roo\team01\domain\PreOrder_Roo_Jpa_ActiveRecord.aj
C:\cygwin64\home\draft\team01\src\main\java\com\roo\team01\domain\PreOrder_Roo_Jpa_Entity.aj
C:\cygwin64\home\draft\team01\src\main\java\com\roo\team01\domain\PreOrder_Roo_ToString.aj
C:\cygwin64\home\draft\team01\src\main\java\com\roo\team01\domain\Product.java
C:\cygwin64\home\draft\team01\src\main\java\com\roo\team01\domain\Product_Roo_Configurable.aj
C:\cygwin64\home\draft\team01\src\main\java\com\roo\team01\domain\Product_Roo_Finder.aj
C:\cygwin64\home\draft\team01\src\main\java\com\roo\team01\domain\Product_Roo_JavaBean.aj
C:\cygwin64\home\draft\team01\src\main\java\com\roo\team01\domain\Product_Roo_Jpa_ActiveRecord.aj
C:\cygwin64\home\draft\team01\src\main\java\com\roo\team01\domain\Product_Roo_Jpa_Entity.aj
C:\cygwin64\home\draft\team01\src\main\java\com\roo\team01\domain\Product_Roo_ToString.aj
C:\cygwin64\home\draft\team01\src\main\java\com\roo\team01\domain\Product_stock.java
C:\cygwin64\home\draft\team01\src\main\java\com\roo\team01\domain\Product_stock_Roo_Configurable.aj
C:\cygwin64\home\draft\team01\src\main\java\com\roo\team01\domain\Product_stock_Roo_JavaBean.aj
C:\cygwin64\home\draft\team01\src\main\java\com\roo\team01\domain\Product_stock_Roo_Jpa_ActiveRecord.aj
C:\cygwin64\home\draft\team01\src\main\java\com\roo\team01\domain\Product_stock_Roo_Jpa_Entity.aj
C:\cygwin64\home\draft\team01\src\main\java\com\roo\team01\domain\Product_stock_Roo_ToString.aj
C:\cygwin64\home\draft\team01\src\main\java\com\roo\team01\domain\Promotion.java
C:\cygwin64\home\draft\team01\src\main\java\com\roo\team01\domain\Promotion_Roo_Configurable.aj
C:\cygwin64\home\draft\team01\src\main\java\com\roo\team01\domain\Promotion_Roo_JavaBean.aj
C:\cygwin64\home\draft\team01\src\main\java\com\roo\team01\domain\Promotion_Roo_Jpa_ActiveRecord.aj
C:\cygwin64\home\draft\team01\src\main\java\com\roo\team01\domain\Promotion_Roo_Jpa_Entity.aj
C:\cygwin64\home\draft\team01\src\main\java\com\roo\team01\domain\Promotion_Roo_ToString.aj
C:\cygwin64\home\draft\team01\src\main\java\com\roo\team01\domain\PurchaseOrder.java
C:\cygwin64\home\draft\team01\src\main\java\com\roo\team01\domain\PurchaseOrder_Roo_Configurable.aj
C:\cygwin64\home\draft\team01\src\main\java\com\roo\team01\domain\PurchaseOrder_Roo_Jpa_ActiveRecord.aj
C:\cygwin64\home\draft\team01\src\main\java\com\roo\team01\domain\PurchaseOrder_Roo_Jpa_Entity.aj
C:\cygwin64\home\draft\team01\src\main\java\com\roo\team01\domain\PurchaseOrder_Roo_ToString.aj
C:\cygwin64\home\draft\team01\src\main\java\com\roo\team01\domain\ReserveData.java
C:\cygwin64\home\draft\team01\src\main\java\com\roo\team01\domain\ReserveData_Roo_Configurable.aj
C:\cygwin64\home\draft\team01\src\main\java\com\roo\team01\domain\ReserveData_Roo_JavaBean.aj
C:\cygwin64\home\draft\team01\src\main\java\com\roo\team01\domain\ReserveData_Roo_Jpa_ActiveRecord.aj
C:\cygwin64\home\draft\team01\src\main\java\com\roo\team01\domain\ReserveData_Roo_Jpa_Entity.aj
C:\cygwin64\home\draft\team01\src\main\java\com\roo\team01\domain\ReserveData_Roo_ToString.aj
C:\cygwin64\home\draft\team01\src\main\java\com\roo\team01\domain\Stock_bill.java
C:\cygwin64\home\draft\team01\src\main\java\com\roo\team01\domain\Stock_bill_Roo_Configurable.aj
C:\cygwin64\home\draft\team01\src\main\java\com\roo\team01\domain\Stock_bill_Roo_JavaBean.aj
C:\cygwin64\home\draft\team01\src\main\java\com\roo\team01\domain\Stock_bill_Roo_Jpa_ActiveRecord.aj
C:\cygwin64\home\draft\team01\src\main\java\com\roo\team01\domain\Stock_bill_Roo_Jpa_Entity.aj
C:\cygwin64\home\draft\team01\src\main\java\com\roo\team01\domain\Stock_bill_Roo_ToString.aj
C:\cygwin64\home\draft\team01\src\main\java\com\roo\team01\domain\Total_amount.java
C:\cygwin64\home\draft\team01\src\main\java\com\roo\team01\domain\Total_amount_Roo_Configurable.aj
C:\cygwin64\home\draft\team01\src\main\java\com\roo\team01\domain\Total_amount_Roo_Jpa_ActiveRecord.aj
C:\cygwin64\home\draft\team01\src\main\java\com\roo\team01\domain\Total_amount_Roo_Jpa_Entity.aj
C:\cygwin64\home\draft\team01\src\main\java\com\roo\team01\domain\Total_amount_Roo_ToString.aj
C:\cygwin64\home\draft\team01\src\main\java\com\roo\team01\web\AddController.java
C:\cygwin64\home\draft\team01\src\main\java\com\roo\team01\web\Add_PromotionController.java
C:\cygwin64\home\draft\team01\src\main\java\com\roo\team01\web\Add_PromotionController_Roo_Controller.aj
C:\cygwin64\home\draft\team01\src\main\java\com\roo\team01\web\adisaktest.java
C:\cygwin64\home\draft\team01\src\main\java\com\roo\team01\web\AmmController.java
C:\cygwin64\home\draft\team01\src\main\java\com\roo\team01\web\ApplicationConversionServiceFactoryBean.java
C:\cygwin64\home\draft\team01\src\main\java\com\roo\team01\web\ApplicationConversionServiceFactoryBean_Roo_ConversionService.aj
C:\cygwin64\home\draft\team01\src\main\java\com\roo\team01\web\CommentController.java
C:\cygwin64\home\draft\team01\src\main\java\com\roo\team01\web\CommentController_Roo_Controller.aj
C:\cygwin64\home\draft\team01\src\main\java\com\roo\team01\web\CustomerController.java
C:\cygwin64\home\draft\team01\src\main\java\com\roo\team01\web\CustomerController_Roo_Controller.aj
C:\cygwin64\home\draft\team01\src\main\java\com\roo\team01\web\DeliveryController.java
C:\cygwin64\home\draft\team01\src\main\java\com\roo\team01\web\DeliveryController_Roo_Controller.aj
C:\cygwin64\home\draft\team01\src\main\java\com\roo\team01\web\KachanController.java
C:\cygwin64\home\draft\team01\src\main\java\com\roo\team01\web\LogUserController.java
C:\cygwin64\home\draft\team01\src\main\java\com\roo\team01\web\LogUserController_Roo_Controller.aj
C:\cygwin64\home\draft\team01\src\main\java\com\roo\team01\web\LogUserRoleController.java
C:\cygwin64\home\draft\team01\src\main\java\com\roo\team01\web\LogUserRoleController_Roo_Controller.aj
C:\cygwin64\home\draft\team01\src\main\java\com\roo\team01\web\OrderedController.java
C:\cygwin64\home\draft\team01\src\main\java\com\roo\team01\web\OrderedController_Roo_Controller.aj
C:\cygwin64\home\draft\team01\src\main\java\com\roo\team01\web\PaymentController.java
C:\cygwin64\home\draft\team01\src\main\java\com\roo\team01\web\PaymentController_Roo_Controller.aj
C:\cygwin64\home\draft\team01\src\main\java\com\roo\team01\web\PostController.java
C:\cygwin64\home\draft\team01\src\main\java\com\roo\team01\web\PostController_Roo_Controller.aj
C:\cygwin64\home\draft\team01\src\main\java\com\roo\team01\web\PreOrderController.java
C:\cygwin64\home\draft\team01\src\main\java\com\roo\team01\web\PreOrderController_Roo_Controller.aj
C:\cygwin64\home\draft\team01\src\main\java\com\roo\team01\web\ProductController.java
C:\cygwin64\home\draft\team01\src\main\java\com\roo\team01\web\ProductController_Roo_Controller.aj
C:\cygwin64\home\draft\team01\src\main\java\com\roo\team01\web\ProductManagementController.java
C:\cygwin64\home\draft\team01\src\main\java\com\roo\team01\web\Product_stockController.java
C:\cygwin64\home\draft\team01\src\main\java\com\roo\team01\web\Product_stockController_Roo_Controller.aj
C:\cygwin64\home\draft\team01\src\main\java\com\roo\team01\web\PromotionController.java
C:\cygwin64\home\draft\team01\src\main\java\com\roo\team01\web\PromotionController_Roo_Controller.aj
C:\cygwin64\home\draft\team01\src\main\java\com\roo\team01\web\PurchaseOrderController.java
C:\cygwin64\home\draft\team01\src\main\java\com\roo\team01\web\PurchaseOrderController_Roo_Controller.aj
C:\cygwin64\home\draft\team01\src\main\java\com\roo\team01\web\RegisterController.java
C:\cygwin64\home\draft\team01\src\main\java\com\roo\team01\web\Reservecontroller.java
C:\cygwin64\home\draft\team01\src\main\java\com\roo\team01\web\ReserveDataController.java
C:\cygwin64\home\draft\team01\src\main\java\com\roo\team01\web\ReserveDataController_Roo_Controller.aj
C:\cygwin64\home\draft\team01\src\main\java\com\roo\team01\web\StockController.java
C:\cygwin64\home\draft\team01\src\main\java\com\roo\team01\web\Stock_billController.java
C:\cygwin64\home\draft\team01\src\main\java\com\roo\team01\web\Stock_billController_Roo_Controller.aj
C:\cygwin64\home\draft\team01\src\main\java\com\roo\team01\web\Total_amountController.java
C:\cygwin64\home\draft\team01\src\main\java\com\roo\team01\web\Total_amountController_Roo_Controller.aj
